

undefined Content-Length: 408

{"command":"initialize","arguments":{"clientID":"vscode","clientName":"Visual Studio Code","adapterID":"mock","pathFormat":"path","linesStartAt1":true,"columnsStartAt1":true,"supportsVariableType":true,"supportsVariablePaging":true,"supportsRunInTerminalRequest":true,"locale":"en-us","supportsProgressReporting":true,"supportsInvalidatedEvent":true,"supportsMemoryReferences":true},"type":"request","seq":1}

undefined Content-Length: 220

{"command":"launch","arguments":{"name":"Dynamic Launch","request":"launch","type":"mock","program":"d:\\Code\\vscode-mock-debug\\readme.md","__sessionId":"faaf7dc3-7829-44e1-99a5-51afa395cf32"},"type":"request","seq":2}

undefined Content-Length: 88

{"command":"setDataBreakpoints","arguments":{"breakpoints":[]},"type":"request","seq":3}

undefined Content-Length: 95

{"command":"setInstructionBreakpoints","arguments":{"breakpoints":[]},"type":"request","seq":4}

undefined Content-Length: 138

{"command":"setExceptionBreakpoints","arguments":{"filters":[],"filterOptions":[{"filterId":"otherExceptions"}]},"type":"request","seq":5}

undefined Content-Length: 56

{"command":"configurationDone","type":"request","seq":6}

undefined Content-Length: 46

{"command":"threads","type":"request","seq":7}

undefined Content-Length: 46

{"command":"threads","type":"request","seq":8}

undefined Content-Length: 103

{"command":"stackTrace","arguments":{"threadId":1,"startFrame":0,"levels":20},"type":"request","seq":9}

undefined Content-Length: 80

{"command":"exceptionInfo","arguments":{"threadId":1},"type":"request","seq":10}

undefined Content-Length: 72

{"command":"scopes","arguments":{"frameId":0},"type":"request","seq":11}

undefined Content-Length: 89

{"command":"variables","arguments":{"variablesReference":1000},"type":"request","seq":12}